<?xml version="1.0" encoding="UTF-8"?>
<testsuite name="org.example.UserDaoTest" tests="1" skipped="0" failures="0" errors="0" timestamp="2022-10-29T06:01:32" hostname="sonhyeonhos-MacBook-Air.local" time="0.431">
  <properties/>
  <testcase name="createTest()" classname="org.example.UserDaoTest" time="0.431"/>
  <system-out><![CDATA[]]></system-out>
  <system-err><![CDATA[SLF4J: Failed to load class "org.slf4j.impl.StaticLoggerBinder".
SLF4J: Defaulting to no-operation (NOP) logger implementation
SLF4J: See http://www.slf4j.org/codes.html#StaticLoggerBinder for further details.
]]></system-err>
</testsuite>
